<?xml version="1.0" encoding="UTF-8"?>
<testsuite xmlns:xsi="http://www.w3.org/2001/XMLSchema-instance" xsi:noNamespaceSchemaLocation="https://maven.apache.org/surefire/maven-surefire-plugin/xsd/surefire-test-report.xsd" name="UIElements.ProjTSI.FilmTest" time="0" tests="2" errors="0" skipped="0" failures="0">
  <properties>
    <property name="java.specification.version" value="18"/>
    <property name="sun.cpu.isalist" value="amd64"/>
    <property name="sun.jnu.encoding" value="Cp1252"/>
    <property name="java.class.path" value="C:\Coding\2dpg\PenelopeGuiness\target\test-classes;C:\Coding\2dpg\PenelopeGuiness\target\classes;C:\Users\nicho\.m2\repository\org\springframework\boot\spring-boot-starter\3.0.0\spring-boot-starter-3.0.0.jar;C:\Users\nicho\.m2\repository\org\springframework\boot\spring-boot\3.0.0\spring-boot-3.0.0.jar;C:\Users\nicho\.m2\repository\org\springframework\spring-context\6.0.2\spring-context-6.0.2.jar;C:\Users\nicho\.m2\repository\org\springframework\boot\spring-boot-autoconfigure\3.0.0\spring-boot-autoconfigure-3.0.0.jar;C:\Users\nicho\.m2\repository\org\springframework\boot\spring-boot-starter-logging\3.0.0\spring-boot-starter-logging-3.0.0.jar;C:\Users\nicho\.m2\repository\ch\qos\logback\logback-classic\1.4.5\logback-classic-1.4.5.jar;C:\Users\nicho\.m2\repository\ch\qos\logback\logback-core\1.4.5\logback-core-1.4.5.jar;C:\Users\nicho\.m2\repository\org\apache\logging\log4j\log4j-to-slf4j\2.19.0\log4j-to-slf4j-2.19.0.jar;C:\Users\nicho\.m2\repository\org\apache\logging\log4j\log4j-api\2.19.0\log4j-api-2.19.0.jar;C:\Users\nicho\.m2\repository\org\slf4j\jul-to-slf4j\2.0.4\jul-to-slf4j-2.0.4.jar;C:\Users\nicho\.m2\repository\jakarta\annotation\jakarta.annotation-api\2.1.1\jakarta.annotation-api-2.1.1.jar;C:\Users\nicho\.m2\repository\org\springframework\spring-core\6.0.2\spring-core-6.0.2.jar;C:\Users\nicho\.m2\repository\org\springframework\spring-jcl\6.0.2\spring-jcl-6.0.2.jar;C:\Users\nicho\.m2\repository\org\yaml\snakeyaml\1.33\snakeyaml-1.33.jar;C:\Users\nicho\.m2\repository\org\springframework\boot\spring-boot-starter-test\3.0.0\spring-boot-starter-test-3.0.0.jar;C:\Users\nicho\.m2\repository\org\springframework\boot\spring-boot-test\3.0.0\spring-boot-test-3.0.0.jar;C:\Users\nicho\.m2\repository\org\springframework\boot\spring-boot-test-autoconfigure\3.0.0\spring-boot-test-autoconfigure-3.0.0.jar;C:\Users\nicho\.m2\repository\com\jayway\jsonpath\json-path\2.7.0\json-path-2.7.0.jar;C:\Users\nicho\.m2\repository\net\minidev\json-smart\2.4.8\json-smart-2.4.8.jar;C:\Users\nicho\.m2\repository\net\minidev\accessors-smart\2.4.8\accessors-smart-2.4.8.jar;C:\Users\nicho\.m2\repository\org\ow2\asm\asm\9.1\asm-9.1.jar;C:\Users\nicho\.m2\repository\jakarta\xml\bind\jakarta.xml.bind-api\4.0.0\jakarta.xml.bind-api-4.0.0.jar;C:\Users\nicho\.m2\repository\jakarta\activation\jakarta.activation-api\2.1.0\jakarta.activation-api-2.1.0.jar;C:\Users\nicho\.m2\repository\org\assertj\assertj-core\3.23.1\assertj-core-3.23.1.jar;C:\Users\nicho\.m2\repository\org\hamcrest\hamcrest\2.2\hamcrest-2.2.jar;C:\Users\nicho\.m2\repository\org\mockito\mockito-junit-jupiter\4.8.1\mockito-junit-jupiter-4.8.1.jar;C:\Users\nicho\.m2\repository\org\skyscreamer\jsonassert\1.5.1\jsonassert-1.5.1.jar;C:\Users\nicho\.m2\repository\com\vaadin\external\google\android-json\0.0.20131108.vaadin1\android-json-0.0.20131108.vaadin1.jar;C:\Users\nicho\.m2\repository\org\springframework\spring-test\6.0.2\spring-test-6.0.2.jar;C:\Users\nicho\.m2\repository\org\xmlunit\xmlunit-core\2.9.0\xmlunit-core-2.9.0.jar;C:\Users\nicho\.m2\repository\mysql\mysql-connector-java\8.0.25\mysql-connector-java-8.0.25.jar;C:\Users\nicho\.m2\repository\org\springframework\boot\spring-boot-starter-data-jpa\3.0.0\spring-boot-starter-data-jpa-3.0.0.jar;C:\Users\nicho\.m2\repository\org\springframework\boot\spring-boot-starter-aop\3.0.0\spring-boot-starter-aop-3.0.0.jar;C:\Users\nicho\.m2\repository\org\springframework\spring-aop\6.0.2\spring-aop-6.0.2.jar;C:\Users\nicho\.m2\repository\org\aspectj\aspectjweaver\1.9.9.1\aspectjweaver-1.9.9.1.jar;C:\Users\nicho\.m2\repository\org\springframework\boot\spring-boot-starter-jdbc\3.0.0\spring-boot-starter-jdbc-3.0.0.jar;C:\Users\nicho\.m2\repository\com\zaxxer\HikariCP\5.0.1\HikariCP-5.0.1.jar;C:\Users\nicho\.m2\repository\org\springframework\spring-jdbc\6.0.2\spring-jdbc-6.0.2.jar;C:\Users\nicho\.m2\repository\org\hibernate\orm\hibernate-core\6.1.5.Final\hibernate-core-6.1.5.Final.jar;C:\Users\nicho\.m2\repository\jakarta\persistence\jakarta.persistence-api\3.1.0\jakarta.persistence-api-3.1.0.jar;C:\Users\nicho\.m2\repository\jakarta\transaction\jakarta.transaction-api\2.0.1\jakarta.transaction-api-2.0.1.jar;C:\Users\nicho\.m2\repository\org\jboss\logging\jboss-logging\3.5.0.Final\jboss-logging-3.5.0.Final.jar;C:\Users\nicho\.m2\repository\org\hibernate\common\hibernate-commons-annotations\6.0.2.Final\hibernate-commons-annotations-6.0.2.Final.jar;C:\Users\nicho\.m2\repository\org\jboss\jandex\2.4.2.Final\jandex-2.4.2.Final.jar;C:\Users\nicho\.m2\repository\com\fasterxml\classmate\1.5.1\classmate-1.5.1.jar;C:\Users\nicho\.m2\repository\org\glassfish\jaxb\jaxb-runtime\4.0.1\jaxb-runtime-4.0.1.jar;C:\Users\nicho\.m2\repository\org\glassfish\jaxb\jaxb-core\4.0.1\jaxb-core-4.0.1.jar;C:\Users\nicho\.m2\repository\org\eclipse\angus\angus-activation\1.0.0\angus-activation-1.0.0.jar;C:\Users\nicho\.m2\repository\org\glassfish\jaxb\txw2\4.0.1\txw2-4.0.1.jar;C:\Users\nicho\.m2\repository\com\sun\istack\istack-commons-runtime\4.1.1\istack-commons-runtime-4.1.1.jar;C:\Users\nicho\.m2\repository\jakarta\inject\jakarta.inject-api\2.0.0\jakarta.inject-api-2.0.0.jar;C:\Users\nicho\.m2\repository\org\antlr\antlr4-runtime\4.10.1\antlr4-runtime-4.10.1.jar;C:\Users\nicho\.m2\repository\org\springframework\data\spring-data-jpa\3.0.0\spring-data-jpa-3.0.0.jar;C:\Users\nicho\.m2\repository\org\springframework\data\spring-data-commons\3.0.0\spring-data-commons-3.0.0.jar;C:\Users\nicho\.m2\repository\org\springframework\spring-orm\6.0.2\spring-orm-6.0.2.jar;C:\Users\nicho\.m2\repository\org\springframework\spring-tx\6.0.2\spring-tx-6.0.2.jar;C:\Users\nicho\.m2\repository\org\springframework\spring-beans\6.0.2\spring-beans-6.0.2.jar;C:\Users\nicho\.m2\repository\org\springframework\spring-aspects\6.0.2\spring-aspects-6.0.2.jar;C:\Users\nicho\.m2\repository\javax\persistence\javax.persistence-api\2.2\javax.persistence-api-2.2.jar;C:\Users\nicho\.m2\repository\org\springframework\boot\spring-boot-starter-web\3.0.0\spring-boot-starter-web-3.0.0.jar;C:\Users\nicho\.m2\repository\org\springframework\boot\spring-boot-starter-json\3.0.0\spring-boot-starter-json-3.0.0.jar;C:\Users\nicho\.m2\repository\com\fasterxml\jackson\datatype\jackson-datatype-jdk8\2.14.1\jackson-datatype-jdk8-2.14.1.jar;C:\Users\nicho\.m2\repository\com\fasterxml\jackson\datatype\jackson-datatype-jsr310\2.14.1\jackson-datatype-jsr310-2.14.1.jar;C:\Users\nicho\.m2\repository\com\fasterxml\jackson\module\jackson-module-parameter-names\2.14.1\jackson-module-parameter-names-2.14.1.jar;C:\Users\nicho\.m2\repository\org\springframework\boot\spring-boot-starter-tomcat\3.0.0\spring-boot-starter-tomcat-3.0.0.jar;C:\Users\nicho\.m2\repository\org\apache\tomcat\embed\tomcat-embed-core\10.1.1\tomcat-embed-core-10.1.1.jar;C:\Users\nicho\.m2\repository\org\apache\tomcat\embed\tomcat-embed-el\10.1.1\tomcat-embed-el-10.1.1.jar;C:\Users\nicho\.m2\repository\org\apache\tomcat\embed\tomcat-embed-websocket\10.1.1\tomcat-embed-websocket-10.1.1.jar;C:\Users\nicho\.m2\repository\org\springframework\spring-web\6.0.2\spring-web-6.0.2.jar;C:\Users\nicho\.m2\repository\io\micrometer\micrometer-observation\1.10.2\micrometer-observation-1.10.2.jar;C:\Users\nicho\.m2\repository\io\micrometer\micrometer-commons\1.10.2\micrometer-commons-1.10.2.jar;C:\Users\nicho\.m2\repository\org\springframework\spring-webmvc\6.0.2\spring-webmvc-6.0.2.jar;C:\Users\nicho\.m2\repository\org\springframework\spring-expression\6.0.2\spring-expression-6.0.2.jar;C:\Users\nicho\.m2\repository\org\springframework\boot\spring-boot-devtools\3.0.0\spring-boot-devtools-3.0.0.jar;C:\Users\nicho\.m2\repository\org\apache\commons\commons-collections4\4.1\commons-collections4-4.1.jar;C:\Users\nicho\.m2\repository\io\cucumber\cucumber-junit\6.8.0\cucumber-junit-6.8.0.jar;C:\Users\nicho\.m2\repository\org\apiguardian\apiguardian-api\1.1.0\apiguardian-api-1.1.0.jar;C:\Users\nicho\.m2\repository\io\cucumber\cucumber-core\6.8.0\cucumber-core-6.8.0.jar;C:\Users\nicho\.m2\repository\io\cucumber\cucumber-gherkin\6.8.0\cucumber-gherkin-6.8.0.jar;C:\Users\nicho\.m2\repository\io\cucumber\cucumber-gherkin-messages\6.8.0\cucumber-gherkin-messages-6.8.0.jar;C:\Users\nicho\.m2\repository\io\cucumber\messages\13.1.0\messages-13.1.0.jar;C:\Users\nicho\.m2\repository\io\cucumber\tag-expressions\3.0.0\tag-expressions-3.0.0.jar;C:\Users\nicho\.m2\repository\io\cucumber\cucumber-expressions\10.3.0\cucumber-expressions-10.3.0.jar;C:\Users\nicho\.m2\repository\io\cucumber\datatable\3.5.0\datatable-3.5.0.jar;C:\Users\nicho\.m2\repository\io\cucumber\cucumber-plugin\6.8.0\cucumber-plugin-6.8.0.jar;C:\Users\nicho\.m2\repository\io\cucumber\docstring\6.8.0\docstring-6.8.0.jar;C:\Users\nicho\.m2\repository\io\cucumber\html-formatter\9.0.0\html-formatter-9.0.0.jar;C:\Users\nicho\.m2\repository\io\cucumber\create-meta\2.0.2\create-meta-2.0.2.jar;C:\Users\nicho\.m2\repository\junit\junit\4.13.2\junit-4.13.2.jar;C:\Users\nicho\.m2\repository\org\hamcrest\hamcrest-core\2.2\hamcrest-core-2.2.jar;C:\Users\nicho\.m2\repository\io\cucumber\cucumber-java\6.8.0\cucumber-java-6.8.0.jar;C:\Users\nicho\.m2\repository\io\cucumber\cucumber-spring\6.8.0\cucumber-spring-6.8.0.jar;C:\Users\nicho\.m2\repository\org\mockito\mockito-core\2.7.7\mockito-core-2.7.7.jar;C:\Users\nicho\.m2\repository\net\bytebuddy\byte-buddy\1.12.19\byte-buddy-1.12.19.jar;C:\Users\nicho\.m2\repository\net\bytebuddy\byte-buddy-agent\1.12.19\byte-buddy-agent-1.12.19.jar;C:\Users\nicho\.m2\repository\org\objenesis\objenesis\2.5\objenesis-2.5.jar;C:\Users\nicho\.m2\repository\info\cukes\cucumber-picocontainer\1.2.5\cucumber-picocontainer-1.2.5.jar;C:\Users\nicho\.m2\repository\info\cukes\cucumber-java\1.2.5\cucumber-java-1.2.5.jar;C:\Users\nicho\.m2\repository\info\cukes\cucumber-core\1.2.5\cucumber-core-1.2.5.jar;C:\Users\nicho\.m2\repository\info\cukes\cucumber-html\0.2.3\cucumber-html-0.2.3.jar;C:\Users\nicho\.m2\repository\info\cukes\cucumber-jvm-deps\1.0.5\cucumber-jvm-deps-1.0.5.jar;C:\Users\nicho\.m2\repository\info\cukes\gherkin\2.12.2\gherkin-2.12.2.jar;C:\Users\nicho\.m2\repository\org\picocontainer\picocontainer\2.15\picocontainer-2.15.jar;C:\Users\nicho\.m2\repository\org\junit\jupiter\junit-jupiter\5.8.2\junit-jupiter-5.8.2.jar;C:\Users\nicho\.m2\repository\org\junit\jupiter\junit-jupiter-api\5.9.1\junit-jupiter-api-5.9.1.jar;C:\Users\nicho\.m2\repository\org\opentest4j\opentest4j\1.2.0\opentest4j-1.2.0.jar;C:\Users\nicho\.m2\repository\org\junit\platform\junit-platform-commons\1.9.1\junit-platform-commons-1.9.1.jar;C:\Users\nicho\.m2\repository\org\junit\jupiter\junit-jupiter-params\5.9.1\junit-jupiter-params-5.9.1.jar;C:\Users\nicho\.m2\repository\org\junit\jupiter\junit-jupiter-engine\5.9.1\junit-jupiter-engine-5.9.1.jar;C:\Users\nicho\.m2\repository\org\junit\platform\junit-platform-engine\1.9.1\junit-platform-engine-1.9.1.jar;C:\Users\nicho\.m2\repository\com\amazonaws\aws-java-sdk-secretsmanager\1.11.549\aws-java-sdk-secretsmanager-1.11.549.jar;C:\Users\nicho\.m2\repository\com\amazonaws\aws-java-sdk-core\1.11.549\aws-java-sdk-core-1.11.549.jar;C:\Users\nicho\.m2\repository\commons-logging\commons-logging\1.1.3\commons-logging-1.1.3.jar;C:\Users\nicho\.m2\repository\org\apache\httpcomponents\httpclient\4.5.13\httpclient-4.5.13.jar;C:\Users\nicho\.m2\repository\commons-codec\commons-codec\1.15\commons-codec-1.15.jar;C:\Users\nicho\.m2\repository\software\amazon\ion\ion-java\1.0.2\ion-java-1.0.2.jar;C:\Users\nicho\.m2\repository\com\fasterxml\jackson\dataformat\jackson-dataformat-cbor\2.14.1\jackson-dataformat-cbor-2.14.1.jar;C:\Users\nicho\.m2\repository\joda-time\joda-time\2.8.1\joda-time-2.8.1.jar;C:\Users\nicho\.m2\repository\com\amazonaws\jmespath-java\1.11.549\jmespath-java-1.11.549.jar;C:\Users\nicho\.m2\repository\com\amazonaws\secretsmanager\aws-secretsmanager-jdbc\1.0.5\aws-secretsmanager-jdbc-1.0.5.jar;C:\Users\nicho\.m2\repository\com\amazonaws\secretsmanager\aws-secretsmanager-caching-java\1.0.1\aws-secretsmanager-caching-java-1.0.1.jar;C:\Users\nicho\.m2\repository\com\fasterxml\jackson\core\jackson-databind\2.14.1\jackson-databind-2.14.1.jar;C:\Users\nicho\.m2\repository\com\fasterxml\jackson\core\jackson-annotations\2.14.1\jackson-annotations-2.14.1.jar;C:\Users\nicho\.m2\repository\com\fasterxml\jackson\core\jackson-core\2.14.1\jackson-core-2.14.1.jar;C:\Users\nicho\.m2\repository\software\amazon\awssdk\regions\2.18.35\regions-2.18.35.jar;C:\Users\nicho\.m2\repository\software\amazon\awssdk\annotations\2.18.35\annotations-2.18.35.jar;C:\Users\nicho\.m2\repository\software\amazon\awssdk\utils\2.18.35\utils-2.18.35.jar;C:\Users\nicho\.m2\repository\org\reactivestreams\reactive-streams\1.0.4\reactive-streams-1.0.4.jar;C:\Users\nicho\.m2\repository\software\amazon\awssdk\sdk-core\2.18.35\sdk-core-2.18.35.jar;C:\Users\nicho\.m2\repository\software\amazon\awssdk\profiles\2.18.35\profiles-2.18.35.jar;C:\Users\nicho\.m2\repository\software\amazon\awssdk\json-utils\2.18.35\json-utils-2.18.35.jar;C:\Users\nicho\.m2\repository\software\amazon\awssdk\third-party-jackson-core\2.18.35\third-party-jackson-core-2.18.35.jar;C:\Users\nicho\.m2\repository\org\slf4j\slf4j-api\2.0.4\slf4j-api-2.0.4.jar;C:\Users\nicho\.m2\repository\software\amazon\awssdk\secretsmanager\2.18.35\secretsmanager-2.18.35.jar;C:\Users\nicho\.m2\repository\software\amazon\awssdk\aws-json-protocol\2.18.35\aws-json-protocol-2.18.35.jar;C:\Users\nicho\.m2\repository\software\amazon\awssdk\protocol-core\2.18.35\protocol-core-2.18.35.jar;C:\Users\nicho\.m2\repository\software\amazon\awssdk\auth\2.18.35\auth-2.18.35.jar;C:\Users\nicho\.m2\repository\software\amazon\eventstream\eventstream\1.0.1\eventstream-1.0.1.jar;C:\Users\nicho\.m2\repository\software\amazon\awssdk\http-client-spi\2.18.35\http-client-spi-2.18.35.jar;C:\Users\nicho\.m2\repository\software\amazon\awssdk\aws-core\2.18.35\aws-core-2.18.35.jar;C:\Users\nicho\.m2\repository\software\amazon\awssdk\metrics-spi\2.18.35\metrics-spi-2.18.35.jar;C:\Users\nicho\.m2\repository\software\amazon\awssdk\endpoints-spi\2.18.35\endpoints-spi-2.18.35.jar;C:\Users\nicho\.m2\repository\software\amazon\awssdk\apache-client\2.18.35\apache-client-2.18.35.jar;C:\Users\nicho\.m2\repository\org\apache\httpcomponents\httpcore\4.4.15\httpcore-4.4.15.jar;C:\Users\nicho\.m2\repository\software\amazon\awssdk\netty-nio-client\2.18.35\netty-nio-client-2.18.35.jar;C:\Users\nicho\.m2\repository\io\netty\netty-codec-http\4.1.85.Final\netty-codec-http-4.1.85.Final.jar;C:\Users\nicho\.m2\repository\io\netty\netty-codec-http2\4.1.85.Final\netty-codec-http2-4.1.85.Final.jar;C:\Users\nicho\.m2\repository\io\netty\netty-codec\4.1.85.Final\netty-codec-4.1.85.Final.jar;C:\Users\nicho\.m2\repository\io\netty\netty-transport\4.1.85.Final\netty-transport-4.1.85.Final.jar;C:\Users\nicho\.m2\repository\io\netty\netty-resolver\4.1.85.Final\netty-resolver-4.1.85.Final.jar;C:\Users\nicho\.m2\repository\io\netty\netty-common\4.1.85.Final\netty-common-4.1.85.Final.jar;C:\Users\nicho\.m2\repository\io\netty\netty-buffer\4.1.85.Final\netty-buffer-4.1.85.Final.jar;C:\Users\nicho\.m2\repository\io\netty\netty-handler\4.1.85.Final\netty-handler-4.1.85.Final.jar;C:\Users\nicho\.m2\repository\io\netty\netty-transport-native-unix-common\4.1.85.Final\netty-transport-native-unix-common-4.1.85.Final.jar;C:\Users\nicho\.m2\repository\io\netty\netty-transport-classes-epoll\4.1.85.Final\netty-transport-classes-epoll-4.1.85.Final.jar;C:\Users\nicho\.m2\repository\com\google\code\gson\gson\2.9.1\gson-2.9.1.jar;C:\Users\nicho\.m2\repository\org\projectlombok\lombok\1.18.24\lombok-1.18.24.jar;"/>
    <property name="java.vm.vendor" value="Oracle Corporation"/>
    <property name="sun.arch.data.model" value="64"/>
    <property name="user.variant" value=""/>
    <property name="java.vendor.url" value="https://java.oracle.com/"/>
    <property name="user.timezone" value="Europe/London"/>
    <property name="os.name" value="Windows 11"/>
    <property name="java.vm.specification.version" value="18"/>
    <property name="sun.java.launcher" value="SUN_STANDARD"/>
    <property name="user.country" value="GB"/>
    <property name="sun.boot.library.path" value="C:\Program Files\Java\jdk-18.0.2.1\bin"/>
    <property name="sun.java.command" value="C:\Users\nicho\AppData\Local\Temp\surefire10683555930770992741\surefirebooter4169792284741951280.jar C:\Users\nicho\AppData\Local\Temp\surefire10683555930770992741 2022-12-21T17-07-21_364-jvmRun1 surefire7552270222047538187tmp surefire_0552539057069552303tmp"/>
    <property name="jdk.debug" value="release"/>
    <property name="surefire.test.class.path" value="C:\Coding\2dpg\PenelopeGuiness\target\test-classes;C:\Coding\2dpg\PenelopeGuiness\target\classes;C:\Users\nicho\.m2\repository\org\springframework\boot\spring-boot-starter\3.0.0\spring-boot-starter-3.0.0.jar;C:\Users\nicho\.m2\repository\org\springframework\boot\spring-boot\3.0.0\spring-boot-3.0.0.jar;C:\Users\nicho\.m2\repository\org\springframework\spring-context\6.0.2\spring-context-6.0.2.jar;C:\Users\nicho\.m2\repository\org\springframework\boot\spring-boot-autoconfigure\3.0.0\spring-boot-autoconfigure-3.0.0.jar;C:\Users\nicho\.m2\repository\org\springframework\boot\spring-boot-starter-logging\3.0.0\spring-boot-starter-logging-3.0.0.jar;C:\Users\nicho\.m2\repository\ch\qos\logback\logback-classic\1.4.5\logback-classic-1.4.5.jar;C:\Users\nicho\.m2\repository\ch\qos\logback\logback-core\1.4.5\logback-core-1.4.5.jar;C:\Users\nicho\.m2\repository\org\apache\logging\log4j\log4j-to-slf4j\2.19.0\log4j-to-slf4j-2.19.0.jar;C:\Users\nicho\.m2\repository\org\apache\logging\log4j\log4j-api\2.19.0\log4j-api-2.19.0.jar;C:\Users\nicho\.m2\repository\org\slf4j\jul-to-slf4j\2.0.4\jul-to-slf4j-2.0.4.jar;C:\Users\nicho\.m2\repository\jakarta\annotation\jakarta.annotation-api\2.1.1\jakarta.annotation-api-2.1.1.jar;C:\Users\nicho\.m2\repository\org\springframework\spring-core\6.0.2\spring-core-6.0.2.jar;C:\Users\nicho\.m2\repository\org\springframework\spring-jcl\6.0.2\spring-jcl-6.0.2.jar;C:\Users\nicho\.m2\repository\org\yaml\snakeyaml\1.33\snakeyaml-1.33.jar;C:\Users\nicho\.m2\repository\org\springframework\boot\spring-boot-starter-test\3.0.0\spring-boot-starter-test-3.0.0.jar;C:\Users\nicho\.m2\repository\org\springframework\boot\spring-boot-test\3.0.0\spring-boot-test-3.0.0.jar;C:\Users\nicho\.m2\repository\org\springframework\boot\spring-boot-test-autoconfigure\3.0.0\spring-boot-test-autoconfigure-3.0.0.jar;C:\Users\nicho\.m2\repository\com\jayway\jsonpath\json-path\2.7.0\json-path-2.7.0.jar;C:\Users\nicho\.m2\repository\net\minidev\json-smart\2.4.8\json-smart-2.4.8.jar;C:\Users\nicho\.m2\repository\net\minidev\accessors-smart\2.4.8\accessors-smart-2.4.8.jar;C:\Users\nicho\.m2\repository\org\ow2\asm\asm\9.1\asm-9.1.jar;C:\Users\nicho\.m2\repository\jakarta\xml\bind\jakarta.xml.bind-api\4.0.0\jakarta.xml.bind-api-4.0.0.jar;C:\Users\nicho\.m2\repository\jakarta\activation\jakarta.activation-api\2.1.0\jakarta.activation-api-2.1.0.jar;C:\Users\nicho\.m2\repository\org\assertj\assertj-core\3.23.1\assertj-core-3.23.1.jar;C:\Users\nicho\.m2\repository\org\hamcrest\hamcrest\2.2\hamcrest-2.2.jar;C:\Users\nicho\.m2\repository\org\mockito\mockito-junit-jupiter\4.8.1\mockito-junit-jupiter-4.8.1.jar;C:\Users\nicho\.m2\repository\org\skyscreamer\jsonassert\1.5.1\jsonassert-1.5.1.jar;C:\Users\nicho\.m2\repository\com\vaadin\external\google\android-json\0.0.20131108.vaadin1\android-json-0.0.20131108.vaadin1.jar;C:\Users\nicho\.m2\repository\org\springframework\spring-test\6.0.2\spring-test-6.0.2.jar;C:\Users\nicho\.m2\repository\org\xmlunit\xmlunit-core\2.9.0\xmlunit-core-2.9.0.jar;C:\Users\nicho\.m2\repository\mysql\mysql-connector-java\8.0.25\mysql-connector-java-8.0.25.jar;C:\Users\nicho\.m2\repository\org\springframework\boot\spring-boot-starter-data-jpa\3.0.0\spring-boot-starter-data-jpa-3.0.0.jar;C:\Users\nicho\.m2\repository\org\springframework\boot\spring-boot-starter-aop\3.0.0\spring-boot-starter-aop-3.0.0.jar;C:\Users\nicho\.m2\repository\org\springframework\spring-aop\6.0.2\spring-aop-6.0.2.jar;C:\Users\nicho\.m2\repository\org\aspectj\aspectjweaver\1.9.9.1\aspectjweaver-1.9.9.1.jar;C:\Users\nicho\.m2\repository\org\springframework\boot\spring-boot-starter-jdbc\3.0.0\spring-boot-starter-jdbc-3.0.0.jar;C:\Users\nicho\.m2\repository\com\zaxxer\HikariCP\5.0.1\HikariCP-5.0.1.jar;C:\Users\nicho\.m2\repository\org\springframework\spring-jdbc\6.0.2\spring-jdbc-6.0.2.jar;C:\Users\nicho\.m2\repository\org\hibernate\orm\hibernate-core\6.1.5.Final\hibernate-core-6.1.5.Final.jar;C:\Users\nicho\.m2\repository\jakarta\persistence\jakarta.persistence-api\3.1.0\jakarta.persistence-api-3.1.0.jar;C:\Users\nicho\.m2\repository\jakarta\transaction\jakarta.transaction-api\2.0.1\jakarta.transaction-api-2.0.1.jar;C:\Users\nicho\.m2\repository\org\jboss\logging\jboss-logging\3.5.0.Final\jboss-logging-3.5.0.Final.jar;C:\Users\nicho\.m2\repository\org\hibernate\common\hibernate-commons-annotations\6.0.2.Final\hibernate-commons-annotations-6.0.2.Final.jar;C:\Users\nicho\.m2\repository\org\jboss\jandex\2.4.2.Final\jandex-2.4.2.Final.jar;C:\Users\nicho\.m2\repository\com\fasterxml\classmate\1.5.1\classmate-1.5.1.jar;C:\Users\nicho\.m2\repository\org\glassfish\jaxb\jaxb-runtime\4.0.1\jaxb-runtime-4.0.1.jar;C:\Users\nicho\.m2\repository\org\glassfish\jaxb\jaxb-core\4.0.1\jaxb-core-4.0.1.jar;C:\Users\nicho\.m2\repository\org\eclipse\angus\angus-activation\1.0.0\angus-activation-1.0.0.jar;C:\Users\nicho\.m2\repository\org\glassfish\jaxb\txw2\4.0.1\txw2-4.0.1.jar;C:\Users\nicho\.m2\repository\com\sun\istack\istack-commons-runtime\4.1.1\istack-commons-runtime-4.1.1.jar;C:\Users\nicho\.m2\repository\jakarta\inject\jakarta.inject-api\2.0.0\jakarta.inject-api-2.0.0.jar;C:\Users\nicho\.m2\repository\org\antlr\antlr4-runtime\4.10.1\antlr4-runtime-4.10.1.jar;C:\Users\nicho\.m2\repository\org\springframework\data\spring-data-jpa\3.0.0\spring-data-jpa-3.0.0.jar;C:\Users\nicho\.m2\repository\org\springframework\data\spring-data-commons\3.0.0\spring-data-commons-3.0.0.jar;C:\Users\nicho\.m2\repository\org\springframework\spring-orm\6.0.2\spring-orm-6.0.2.jar;C:\Users\nicho\.m2\repository\org\springframework\spring-tx\6.0.2\spring-tx-6.0.2.jar;C:\Users\nicho\.m2\repository\org\springframework\spring-beans\6.0.2\spring-beans-6.0.2.jar;C:\Users\nicho\.m2\repository\org\springframework\spring-aspects\6.0.2\spring-aspects-6.0.2.jar;C:\Users\nicho\.m2\repository\javax\persistence\javax.persistence-api\2.2\javax.persistence-api-2.2.jar;C:\Users\nicho\.m2\repository\org\springframework\boot\spring-boot-starter-web\3.0.0\spring-boot-starter-web-3.0.0.jar;C:\Users\nicho\.m2\repository\org\springframework\boot\spring-boot-starter-json\3.0.0\spring-boot-starter-json-3.0.0.jar;C:\Users\nicho\.m2\repository\com\fasterxml\jackson\datatype\jackson-datatype-jdk8\2.14.1\jackson-datatype-jdk8-2.14.1.jar;C:\Users\nicho\.m2\repository\com\fasterxml\jackson\datatype\jackson-datatype-jsr310\2.14.1\jackson-datatype-jsr310-2.14.1.jar;C:\Users\nicho\.m2\repository\com\fasterxml\jackson\module\jackson-module-parameter-names\2.14.1\jackson-module-parameter-names-2.14.1.jar;C:\Users\nicho\.m2\repository\org\springframework\boot\spring-boot-starter-tomcat\3.0.0\spring-boot-starter-tomcat-3.0.0.jar;C:\Users\nicho\.m2\repository\org\apache\tomcat\embed\tomcat-embed-core\10.1.1\tomcat-embed-core-10.1.1.jar;C:\Users\nicho\.m2\repository\org\apache\tomcat\embed\tomcat-embed-el\10.1.1\tomcat-embed-el-10.1.1.jar;C:\Users\nicho\.m2\repository\org\apache\tomcat\embed\tomcat-embed-websocket\10.1.1\tomcat-embed-websocket-10.1.1.jar;C:\Users\nicho\.m2\repository\org\springframework\spring-web\6.0.2\spring-web-6.0.2.jar;C:\Users\nicho\.m2\repository\io\micrometer\micrometer-observation\1.10.2\micrometer-observation-1.10.2.jar;C:\Users\nicho\.m2\repository\io\micrometer\micrometer-commons\1.10.2\micrometer-commons-1.10.2.jar;C:\Users\nicho\.m2\repository\org\springframework\spring-webmvc\6.0.2\spring-webmvc-6.0.2.jar;C:\Users\nicho\.m2\repository\org\springframework\spring-expression\6.0.2\spring-expression-6.0.2.jar;C:\Users\nicho\.m2\repository\org\springframework\boot\spring-boot-devtools\3.0.0\spring-boot-devtools-3.0.0.jar;C:\Users\nicho\.m2\repository\org\apache\commons\commons-collections4\4.1\commons-collections4-4.1.jar;C:\Users\nicho\.m2\repository\io\cucumber\cucumber-junit\6.8.0\cucumber-junit-6.8.0.jar;C:\Users\nicho\.m2\repository\org\apiguardian\apiguardian-api\1.1.0\apiguardian-api-1.1.0.jar;C:\Users\nicho\.m2\repository\io\cucumber\cucumber-core\6.8.0\cucumber-core-6.8.0.jar;C:\Users\nicho\.m2\repository\io\cucumber\cucumber-gherkin\6.8.0\cucumber-gherkin-6.8.0.jar;C:\Users\nicho\.m2\repository\io\cucumber\cucumber-gherkin-messages\6.8.0\cucumber-gherkin-messages-6.8.0.jar;C:\Users\nicho\.m2\repository\io\cucumber\messages\13.1.0\messages-13.1.0.jar;C:\Users\nicho\.m2\repository\io\cucumber\tag-expressions\3.0.0\tag-expressions-3.0.0.jar;C:\Users\nicho\.m2\repository\io\cucumber\cucumber-expressions\10.3.0\cucumber-expressions-10.3.0.jar;C:\Users\nicho\.m2\repository\io\cucumber\datatable\3.5.0\datatable-3.5.0.jar;C:\Users\nicho\.m2\repository\io\cucumber\cucumber-plugin\6.8.0\cucumber-plugin-6.8.0.jar;C:\Users\nicho\.m2\repository\io\cucumber\docstring\6.8.0\docstring-6.8.0.jar;C:\Users\nicho\.m2\repository\io\cucumber\html-formatter\9.0.0\html-formatter-9.0.0.jar;C:\Users\nicho\.m2\repository\io\cucumber\create-meta\2.0.2\create-meta-2.0.2.jar;C:\Users\nicho\.m2\repository\junit\junit\4.13.2\junit-4.13.2.jar;C:\Users\nicho\.m2\repository\org\hamcrest\hamcrest-core\2.2\hamcrest-core-2.2.jar;C:\Users\nicho\.m2\repository\io\cucumber\cucumber-java\6.8.0\cucumber-java-6.8.0.jar;C:\Users\nicho\.m2\repository\io\cucumber\cucumber-spring\6.8.0\cucumber-spring-6.8.0.jar;C:\Users\nicho\.m2\repository\org\mockito\mockito-core\2.7.7\mockito-core-2.7.7.jar;C:\Users\nicho\.m2\repository\net\bytebuddy\byte-buddy\1.12.19\byte-buddy-1.12.19.jar;C:\Users\nicho\.m2\repository\net\bytebuddy\byte-buddy-agent\1.12.19\byte-buddy-agent-1.12.19.jar;C:\Users\nicho\.m2\repository\org\objenesis\objenesis\2.5\objenesis-2.5.jar;C:\Users\nicho\.m2\repository\info\cukes\cucumber-picocontainer\1.2.5\cucumber-picocontainer-1.2.5.jar;C:\Users\nicho\.m2\repository\info\cukes\cucumber-java\1.2.5\cucumber-java-1.2.5.jar;C:\Users\nicho\.m2\repository\info\cukes\cucumber-core\1.2.5\cucumber-core-1.2.5.jar;C:\Users\nicho\.m2\repository\info\cukes\cucumber-html\0.2.3\cucumber-html-0.2.3.jar;C:\Users\nicho\.m2\repository\info\cukes\cucumber-jvm-deps\1.0.5\cucumber-jvm-deps-1.0.5.jar;C:\Users\nicho\.m2\repository\info\cukes\gherkin\2.12.2\gherkin-2.12.2.jar;C:\Users\nicho\.m2\repository\org\picocontainer\picocontainer\2.15\picocontainer-2.15.jar;C:\Users\nicho\.m2\repository\org\junit\jupiter\junit-jupiter\5.8.2\junit-jupiter-5.8.2.jar;C:\Users\nicho\.m2\repository\org\junit\jupiter\junit-jupiter-api\5.9.1\junit-jupiter-api-5.9.1.jar;C:\Users\nicho\.m2\repository\org\opentest4j\opentest4j\1.2.0\opentest4j-1.2.0.jar;C:\Users\nicho\.m2\repository\org\junit\platform\junit-platform-commons\1.9.1\junit-platform-commons-1.9.1.jar;C:\Users\nicho\.m2\repository\org\junit\jupiter\junit-jupiter-params\5.9.1\junit-jupiter-params-5.9.1.jar;C:\Users\nicho\.m2\repository\org\junit\jupiter\junit-jupiter-engine\5.9.1\junit-jupiter-engine-5.9.1.jar;C:\Users\nicho\.m2\repository\org\junit\platform\junit-platform-engine\1.9.1\junit-platform-engine-1.9.1.jar;C:\Users\nicho\.m2\repository\com\amazonaws\aws-java-sdk-secretsmanager\1.11.549\aws-java-sdk-secretsmanager-1.11.549.jar;C:\Users\nicho\.m2\repository\com\amazonaws\aws-java-sdk-core\1.11.549\aws-java-sdk-core-1.11.549.jar;C:\Users\nicho\.m2\repository\commons-logging\commons-logging\1.1.3\commons-logging-1.1.3.jar;C:\Users\nicho\.m2\repository\org\apache\httpcomponents\httpclient\4.5.13\httpclient-4.5.13.jar;C:\Users\nicho\.m2\repository\commons-codec\commons-codec\1.15\commons-codec-1.15.jar;C:\Users\nicho\.m2\repository\software\amazon\ion\ion-java\1.0.2\ion-java-1.0.2.jar;C:\Users\nicho\.m2\repository\com\fasterxml\jackson\dataformat\jackson-dataformat-cbor\2.14.1\jackson-dataformat-cbor-2.14.1.jar;C:\Users\nicho\.m2\repository\joda-time\joda-time\2.8.1\joda-time-2.8.1.jar;C:\Users\nicho\.m2\repository\com\amazonaws\jmespath-java\1.11.549\jmespath-java-1.11.549.jar;C:\Users\nicho\.m2\repository\com\amazonaws\secretsmanager\aws-secretsmanager-jdbc\1.0.5\aws-secretsmanager-jdbc-1.0.5.jar;C:\Users\nicho\.m2\repository\com\amazonaws\secretsmanager\aws-secretsmanager-caching-java\1.0.1\aws-secretsmanager-caching-java-1.0.1.jar;C:\Users\nicho\.m2\repository\com\fasterxml\jackson\core\jackson-databind\2.14.1\jackson-databind-2.14.1.jar;C:\Users\nicho\.m2\repository\com\fasterxml\jackson\core\jackson-annotations\2.14.1\jackson-annotations-2.14.1.jar;C:\Users\nicho\.m2\repository\com\fasterxml\jackson\core\jackson-core\2.14.1\jackson-core-2.14.1.jar;C:\Users\nicho\.m2\repository\software\amazon\awssdk\regions\2.18.35\regions-2.18.35.jar;C:\Users\nicho\.m2\repository\software\amazon\awssdk\annotations\2.18.35\annotations-2.18.35.jar;C:\Users\nicho\.m2\repository\software\amazon\awssdk\utils\2.18.35\utils-2.18.35.jar;C:\Users\nicho\.m2\repository\org\reactivestreams\reactive-streams\1.0.4\reactive-streams-1.0.4.jar;C:\Users\nicho\.m2\repository\software\amazon\awssdk\sdk-core\2.18.35\sdk-core-2.18.35.jar;C:\Users\nicho\.m2\repository\software\amazon\awssdk\profiles\2.18.35\profiles-2.18.35.jar;C:\Users\nicho\.m2\repository\software\amazon\awssdk\json-utils\2.18.35\json-utils-2.18.35.jar;C:\Users\nicho\.m2\repository\software\amazon\awssdk\third-party-jackson-core\2.18.35\third-party-jackson-core-2.18.35.jar;C:\Users\nicho\.m2\repository\org\slf4j\slf4j-api\2.0.4\slf4j-api-2.0.4.jar;C:\Users\nicho\.m2\repository\software\amazon\awssdk\secretsmanager\2.18.35\secretsmanager-2.18.35.jar;C:\Users\nicho\.m2\repository\software\amazon\awssdk\aws-json-protocol\2.18.35\aws-json-protocol-2.18.35.jar;C:\Users\nicho\.m2\repository\software\amazon\awssdk\protocol-core\2.18.35\protocol-core-2.18.35.jar;C:\Users\nicho\.m2\repository\software\amazon\awssdk\auth\2.18.35\auth-2.18.35.jar;C:\Users\nicho\.m2\repository\software\amazon\eventstream\eventstream\1.0.1\eventstream-1.0.1.jar;C:\Users\nicho\.m2\repository\software\amazon\awssdk\http-client-spi\2.18.35\http-client-spi-2.18.35.jar;C:\Users\nicho\.m2\repository\software\amazon\awssdk\aws-core\2.18.35\aws-core-2.18.35.jar;C:\Users\nicho\.m2\repository\software\amazon\awssdk\metrics-spi\2.18.35\metrics-spi-2.18.35.jar;C:\Users\nicho\.m2\repository\software\amazon\awssdk\endpoints-spi\2.18.35\endpoints-spi-2.18.35.jar;C:\Users\nicho\.m2\repository\software\amazon\awssdk\apache-client\2.18.35\apache-client-2.18.35.jar;C:\Users\nicho\.m2\repository\org\apache\httpcomponents\httpcore\4.4.15\httpcore-4.4.15.jar;C:\Users\nicho\.m2\repository\software\amazon\awssdk\netty-nio-client\2.18.35\netty-nio-client-2.18.35.jar;C:\Users\nicho\.m2\repository\io\netty\netty-codec-http\4.1.85.Final\netty-codec-http-4.1.85.Final.jar;C:\Users\nicho\.m2\repository\io\netty\netty-codec-http2\4.1.85.Final\netty-codec-http2-4.1.85.Final.jar;C:\Users\nicho\.m2\repository\io\netty\netty-codec\4.1.85.Final\netty-codec-4.1.85.Final.jar;C:\Users\nicho\.m2\repository\io\netty\netty-transport\4.1.85.Final\netty-transport-4.1.85.Final.jar;C:\Users\nicho\.m2\repository\io\netty\netty-resolver\4.1.85.Final\netty-resolver-4.1.85.Final.jar;C:\Users\nicho\.m2\repository\io\netty\netty-common\4.1.85.Final\netty-common-4.1.85.Final.jar;C:\Users\nicho\.m2\repository\io\netty\netty-buffer\4.1.85.Final\netty-buffer-4.1.85.Final.jar;C:\Users\nicho\.m2\repository\io\netty\netty-handler\4.1.85.Final\netty-handler-4.1.85.Final.jar;C:\Users\nicho\.m2\repository\io\netty\netty-transport-native-unix-common\4.1.85.Final\netty-transport-native-unix-common-4.1.85.Final.jar;C:\Users\nicho\.m2\repository\io\netty\netty-transport-classes-epoll\4.1.85.Final\netty-transport-classes-epoll-4.1.85.Final.jar;C:\Users\nicho\.m2\repository\com\google\code\gson\gson\2.9.1\gson-2.9.1.jar;C:\Users\nicho\.m2\repository\org\projectlombok\lombok\1.18.24\lombok-1.18.24.jar;"/>
    <property name="sun.cpu.endian" value="little"/>
    <property name="user.home" value="C:\Users\nicho"/>
    <property name="user.language" value="en"/>
    <property name="java.specification.vendor" value="Oracle Corporation"/>
    <property name="java.version.date" value="2022-08-18"/>
    <property name="java.home" value="C:\Program Files\Java\jdk-18.0.2.1"/>
    <property name="file.separator" value="\"/>
    <property name="basedir" value="C:\Coding\2dpg\PenelopeGuiness"/>
    <property name="java.vm.compressedOopsMode" value="Zero based"/>
    <property name="line.separator" value="&#10;"/>
    <property name="java.vm.specification.vendor" value="Oracle Corporation"/>
    <property name="java.specification.name" value="Java Platform API Specification"/>
    <property name="surefire.real.class.path" value="C:\Users\nicho\AppData\Local\Temp\surefire10683555930770992741\surefirebooter4169792284741951280.jar"/>
    <property name="user.script" value=""/>
    <property name="sun.management.compiler" value="HotSpot 64-Bit Tiered Compilers"/>
    <property name="java.runtime.version" value="18.0.2.1+1-1"/>
    <property name="user.name" value="nicho"/>
    <property name="path.separator" value=";"/>
    <property name="os.version" value="10.0"/>
    <property name="java.runtime.name" value="Java(TM) SE Runtime Environment"/>
    <property name="file.encoding" value="UTF-8"/>
    <property name="java.vm.name" value="Java HotSpot(TM) 64-Bit Server VM"/>
    <property name="localRepository" value="C:\Users\nicho\.m2\repository"/>
    <property name="java.vendor.url.bug" value="https://bugreport.java.com/bugreport/"/>
    <property name="java.io.tmpdir" value="C:\Users\nicho\AppData\Local\Temp\"/>
    <property name="java.version" value="18.0.2.1"/>
    <property name="user.dir" value="C:\Coding\2dpg\PenelopeGuiness"/>
    <property name="os.arch" value="amd64"/>
    <property name="java.vm.specification.name" value="Java Virtual Machine Specification"/>
    <property name="sun.os.patch.level" value=""/>
    <property name="native.encoding" value="Cp1252"/>
    <property name="java.library.path" value="C:\Program Files\Java\jdk-18.0.2.1\bin;C:\WINDOWS\Sun\Java\bin;C:\WINDOWS\system32;C:\WINDOWS;C:\Program Files\Common Files\Oracle\Java\javapath;C:\Python311\Scripts\;C:\Python311\;C:\WINDOWS\system32;C:\WINDOWS;C:\WINDOWS\System32\Wbem;C:\WINDOWS\System32\WindowsPowerShell\v1.0\;C:\WINDOWS\System32\OpenSSH\;C:\Program Files\nodejs\;C:\ProgramData\chocolatey\bin;C:\Program Files\Git\cmd;C:\Maven\apache-maven-3.8.6\bin;C:\Program Files\Java\jdk-18.0.2.1\bin;C:\Program Files\MySQL\MySQL Shell 8.0\bin\;C:\Users\nicho\AppData\Local\Microsoft\WindowsApps;;C:\Users\nicho\AppData\Local\Programs\Microsoft VS Code\bin;C:\Users\nicho\AppData\Roaming\npm;C:\Program Files\JetBrains\IntelliJ IDEA Community Edition 2022.3\bin;;."/>
    <property name="java.vm.info" value="mixed mode, sharing"/>
    <property name="java.vendor" value="Oracle Corporation"/>
    <property name="java.vm.version" value="18.0.2.1+1-1"/>
    <property name="sun.io.unicode.encoding" value="UnicodeLittle"/>
    <property name="java.class.version" value="62.0"/>
  </properties>
  <testcase name="testSetterGetters" classname="UIElements.ProjTSI.FilmTest" time="0"/>
  <testcase name="testConstructor" classname="UIElements.ProjTSI.FilmTest" time="0"/>
</testsuite>